C51 COMPILER V9.52.0.0   AT24C02                                                           06/10/2019 22:46:28 PAGE 1   


C51 COMPILER V9.52.0.0, COMPILATION OF MODULE AT24C02
OBJECT MODULE PLACED IN .\obj\at24c02.obj
COMPILER INVOKED BY: E:\Keil\C51\BIN\C51.EXE sensors\at24c02.c BROWSE INCDIR(.\common;.\main;.\sensors) DEBUG OBJECTEXTE
                    -ND PRINT(.\lst\at24c02.lst) TABS(2) OBJECT(.\obj\at24c02.obj)

line level    source

   1          #include "iic.h"
   2          #include "at24c02.h"
   3          
   4          /*******************************************************************************
   5          * 函数名         : void At24c02Write(unsigned char addr,unsigned char dat)
   6          * 函数功能       : 往24c02的一个地址写入一个数据
   7          * 输入           : 无
   8          * 输出           : 无
   9          *******************************************************************************/
  10          
  11          void At24c02Write(unsigned char addr,unsigned char dat)
  12          {
  13   1        IICStart();
  14   1        IICSendByte(0xa0);//发送写器件地址
  15   1        IICSendByte(addr);//发送要写入内存地址
  16   1        IICSendByte(dat); //发送数据
  17   1        IICEnd();
  18   1      }
  19          /*******************************************************************************
  20          * 函数名         : unsigned char At24c02Read(unsigned char addr)
  21          * 函数功能       : 读取24c02的一个地址的一个数据
  22          * 输入           : 无
  23          * 输出           : 无
  24          *******************************************************************************/
  25          
  26          unsigned char At24c02Read(unsigned char addr)
  27          {
  28   1        unsigned char num;
  29   1        IICStart();
  30   1        IICSendByte(0xa0); //发送写器件地址
  31   1        IICSendByte(addr); //发送要读取的地址
  32   1        IICStart();
  33   1        IICSendByte(0xa1); //发送读器件地址
  34   1        num=IICReadByte(); //读取数据
  35   1        IICEnd();
  36   1        return num; 
  37   1      }


MODULE INFORMATION:   STATIC OVERLAYABLE
   CODE SIZE        =     59    ----
   CONSTANT SIZE    =   ----    ----
   XDATA SIZE       =   ----    ----
   PDATA SIZE       =   ----    ----
   DATA SIZE        =   ----       4
   IDATA SIZE       =   ----    ----
   BIT SIZE         =   ----    ----
END OF MODULE INFORMATION.


C51 COMPILATION COMPLETE.  0 WARNING(S),  0 ERROR(S)
