C51 COMPILER V9.52.0.0   BUTTON                                                            06/10/2019 22:46:27 PAGE 1   


C51 COMPILER V9.52.0.0, COMPILATION OF MODULE BUTTON
OBJECT MODULE PLACED IN .\obj\button.obj
COMPILER INVOKED BY: E:\Keil\C51\BIN\C51.EXE common\button.c BROWSE INCDIR(.\common;.\main;.\sensors) DEBUG OBJECTEXTEND
                    - PRINT(.\lst\button.lst) TABS(2) OBJECT(.\obj\button.obj)

line level    source

   1          #include "button.h"
   2          
   3          char Button_Down()
   4          {
   5   1        if(Button_1==0)
   6   1        {
   7   2          delay_ms(10);//消抖
   8   2          if(Button_1==0)
   9   2            return 1;
  10   2        }
  11   1      
  12   1        if(Button_2==0)
  13   1        {
  14   2          delay_ms(10);//消抖
  15   2          if(Button_2==0)
  16   2            return 2;
  17   2        }
  18   1      
  19   1        if(Button_3==0)
  20   1        {
  21   2          delay_ms(10);//消抖
  22   2          if(Button_3==0)
  23   2            return 3;
  24   2        }
  25   1      
  26   1        if(Button_4==0)
  27   1        {
  28   2          delay_ms(10);//消抖
  29   2          if(Button_4==0)
  30   2            return 4;
  31   2        }
  32   1      
  33   1        return 0;
  34   1      }


MODULE INFORMATION:   STATIC OVERLAYABLE
   CODE SIZE        =     67    ----
   CONSTANT SIZE    =   ----    ----
   XDATA SIZE       =   ----    ----
   PDATA SIZE       =   ----    ----
   DATA SIZE        =   ----    ----
   IDATA SIZE       =   ----    ----
   BIT SIZE         =   ----    ----
END OF MODULE INFORMATION.


C51 COMPILATION COMPLETE.  0 WARNING(S),  0 ERROR(S)
