C51 COMPILER V9.52.0.0   DELAY                                                             06/10/2019 22:46:27 PAGE 1   


C51 COMPILER V9.52.0.0, COMPILATION OF MODULE DELAY
OBJECT MODULE PLACED IN .\obj\delay.obj
COMPILER INVOKED BY: E:\Keil\C51\BIN\C51.EXE common\delay.c BROWSE INCDIR(.\common;.\main;.\sensors) DEBUG OBJECTEXTEND 
                    -PRINT(.\lst\delay.lst) TABS(2) OBJECT(.\obj\delay.obj)

line level    source

   1          #include "delay.h"
   2          
   3          //note:_nop_() 延时一个机器周期，一个机械周期为12个时钟周期，一个时钟周期为晶振频率的导数
   4          
   5          //void delay_ms(unsigned int n)//11.0592MHz晶振 
   6          //{ 
   7          //  unsigned int i,j; 
   8          //  for(i=n;i>0;i--) 
   9          //    for(j=114;j>0;j--); 
  10          //}
  11          void delay_10us()
  12          {
  13   1        _nop_();
  14   1        _nop_();
  15   1        _nop_();
  16   1        _nop_();
  17   1        _nop_();
  18   1        _nop_();
  19   1      }
  20          
  21          void delay_ms(unsigned int n)//12MHz晶振,毫秒延时
  22          {
  23   1        unsigned int i,j;
  24   1          for(i=0;i<n;i++)
  25   1              for(j=0;j<123;j++);
  26   1      }
  27          
  28          void delay_s(unsigned int n)//12MHz晶振,秒延时
  29          {
  30   1        unsigned int i=0,j=0;
  31   1          for(i=0;i<n*10;i++)
  32   1              for(j=0;j<21738;j++);
  33   1      }


MODULE INFORMATION:   STATIC OVERLAYABLE
   CODE SIZE        =     92    ----
   CONSTANT SIZE    =   ----    ----
   XDATA SIZE       =   ----    ----
   PDATA SIZE       =   ----    ----
   DATA SIZE        =   ----       2
   IDATA SIZE       =   ----    ----
   BIT SIZE         =   ----    ----
END OF MODULE INFORMATION.


C51 COMPILATION COMPLETE.  0 WARNING(S),  0 ERROR(S)
