C51 COMPILER V9.52.0.0   INTERRUPT                                                         06/10/2019 22:46:28 PAGE 1   


C51 COMPILER V9.52.0.0, COMPILATION OF MODULE INTERRUPT
OBJECT MODULE PLACED IN .\obj\interrupt.obj
COMPILER INVOKED BY: E:\Keil\C51\BIN\C51.EXE common\interrupt.c BROWSE INCDIR(.\common;.\main;.\sensors) DEBUG OBJECTEXT
                    -END PRINT(.\lst\interrupt.lst) TABS(2) OBJECT(.\obj\interrupt.obj)

line level    source

   1          #include"interrupt.h"
   2          
   3          void Interrupt_0_Init()
   4          {
   5   1        EA=1;//打开总中断
   6   1        EX0=1;//打开外部中断0
   7   1        IT0=1;//触发方式设置为下降沿
   8   1      }
   9          
  10          void Interrupt_0_Process() interrupt 0
  11          {
  12   1        IT0_Process();//在main.c中定义
  13   1      }
  14          
  15          void Interrupt_1_Init()
  16          {
  17   1        EA=1;//打开总中断
  18   1        EX1=1;//打开外部中断1
  19   1        IT1=1;//触发方式设置为下降沿
  20   1      }
  21          
  22          void Interrupt_1_Process() interrupt 2
  23          {
  24   1        IT1_Process();//在main.c中定义
  25   1      }
  26          
  27          void InterruptInit(unsigned char port)
  28          {
  29   1        if(port==0)
  30   1          Interrupt_0_Init();
  31   1        if(port==1)
  32   1          Interrupt_1_Init();
  33   1      } 


MODULE INFORMATION:   STATIC OVERLAYABLE
   CODE SIZE        =    145    ----
   CONSTANT SIZE    =   ----    ----
   XDATA SIZE       =   ----    ----
   PDATA SIZE       =   ----    ----
   DATA SIZE        =   ----    ----
   IDATA SIZE       =   ----    ----
   BIT SIZE         =   ----    ----
END OF MODULE INFORMATION.


C51 COMPILATION COMPLETE.  0 WARNING(S),  0 ERROR(S)
