C51 COMPILER V9.52.0.0   MAIN                                                              06/10/2019 22:46:26 PAGE 1   


C51 COMPILER V9.52.0.0, COMPILATION OF MODULE MAIN
OBJECT MODULE PLACED IN .\obj\main.obj
COMPILER INVOKED BY: E:\Keil\C51\BIN\C51.EXE main\main.c BROWSE INCDIR(.\common;.\main;.\sensors) DEBUG OBJECTEXTEND PRI
                    -NT(.\lst\main.lst) TABS(2) OBJECT(.\obj\main.obj)

line level    source

   1          /******************************************
   2          * author:luyouqi
   3          * version:18.1
   4          * function:for 89C51/52
   5          *
   6          */
   7          #include "main.h"
   8          
   9          void IT0_Process()//P3^2口下降沿触发中断处理函数
  10          {
  11   1      //Add your code here if you have Inited IT0
  12   1      //InterruptInit(unsigned char port);
  13   1      }
  14          
  15          void IT1_Process()//P3^3口下降沿触发中断处理函数
  16          {
  17   1      //Add your code here if you have Inited IT1
  18   1      //InterruptInit(unsigned char port);
  19   1      }
  20          
  21          void Timer_0_Process()//定时器0到达预定时间后的动作
  22          {
  23   1      //Add your code here if you have Inited Iimer0
  24   1      //TimerInit(unsigned char port,unsigned int ms);
  25   1      }
  26          
  27          void Timer_1_Process()//定时器1到达预定时间后的动作
  28          {
  29   1      //Add your code here if you have Inited Iimer1
  30   1      //TimerInit(unsigned char port,unsigned int ms);
  31   1      }
  32          
  33          void main()
  34          { 
  35   1        while(1)
  36   1        {
  37   2        }
  38   1      }


MODULE INFORMATION:   STATIC OVERLAYABLE
   CODE SIZE        =      6    ----
   CONSTANT SIZE    =   ----    ----
   XDATA SIZE       =   ----    ----
   PDATA SIZE       =   ----    ----
   DATA SIZE        =   ----    ----
   IDATA SIZE       =   ----    ----
   BIT SIZE         =   ----    ----
END OF MODULE INFORMATION.


C51 COMPILATION COMPLETE.  0 WARNING(S),  0 ERROR(S)
