C51 COMPILER V9.52.0.0   NIXIETUBE                                                         06/10/2019 22:46:27 PAGE 1   


C51 COMPILER V9.52.0.0, COMPILATION OF MODULE NIXIETUBE
OBJECT MODULE PLACED IN .\obj\nixietube.obj
COMPILER INVOKED BY: E:\Keil\C51\BIN\C51.EXE common\nixietube.c BROWSE INCDIR(.\common;.\main;.\sensors) DEBUG OBJECTEXT
                    -END PRINT(.\lst\nixietube.lst) TABS(2) OBJECT(.\obj\nixietube.obj)

line level    source

   1          #include"reg52.h"
   2          #include"nixietube.h"
   3          
   4          unsigned char code font[17]={0x3f,0x06,0x5b,0x4f,0x66,0x6d,0x7d,0x07,0x7f,0x6f,0x77,0x7c,0x39,0x5e,0x79,0x
             -71};//显示0~F的值
   5          
   6          void Nixietube_Display(unsigned char ch,unsigned char position)
   7          {
   8   1        Decoder_H=position%2;//高位
   9   1      
  10   1        switch(position){
  11   2        case 2:;
  12   2        case 3:;
  13   2        case 6:;
  14   2        case 7:Decoder_M=1;break;
  15   2        default: Decoder_M=0;
  16   2        }//中位
  17   1      
  18   1        if(position>=4){
  19   2          Decoder_L=1;
  20   2        }else{
  21   2          Decoder_L=0;
  22   2        }//低位
  23   1        ( (ch>='0')&&(ch<='9')) ? (nixietube=font[ch-'0']) : ( ((ch>='a')&&(ch<='f')) ? (nixietube=font[ch-87]) :
             - (nixietube=font[ch-55]) );
  24   1        delay_ms(1);
  25   1        nixietube=0x00;//消影
  26   1      }


MODULE INFORMATION:   STATIC OVERLAYABLE
   CODE SIZE        =     92    ----
   CONSTANT SIZE    =     17    ----
   XDATA SIZE       =   ----    ----
   PDATA SIZE       =   ----    ----
   DATA SIZE        =   ----    ----
   IDATA SIZE       =   ----    ----
   BIT SIZE         =   ----    ----
END OF MODULE INFORMATION.


C51 COMPILATION COMPLETE.  0 WARNING(S),  0 ERROR(S)
