C51 COMPILER V9.52.0.0   TIMER                                                             06/10/2019 22:46:28 PAGE 1   


C51 COMPILER V9.52.0.0, COMPILATION OF MODULE TIMER
OBJECT MODULE PLACED IN .\obj\timer.obj
COMPILER INVOKED BY: E:\Keil\C51\BIN\C51.EXE common\timer.c BROWSE INCDIR(.\common;.\main;.\sensors) DEBUG OBJECTEXTEND 
                    -PRINT(.\lst\timer.lst) TABS(2) OBJECT(.\obj\timer.obj)

line level    source

   1          #include"reg52.h"
   2          #include "main.h"
   3          #define SYSTEM_OSC 12000000 //设置晶振为12M
   4          unsigned int timer0=0;//定时毫秒数
   5          unsigned int timer1=0;//定时毫秒数
   6          
   7          void THTLSet(unsigned char port)
   8          {
   9   1        unsigned char TH=0x00;
  10   1        unsigned char TL=0x00;
  11   1        unsigned int T=0x0000;
  12   1        T=65536-(SYSTEM_OSC/12/1000);//1ms的机器周期
  13   1        TH=T/256;
  14   1        TL=T%256;
  15   1        if(port==0)
  16   1        {
  17   2         TH0=TH;
  18   2         TL0=TL;
  19   2        }
  20   1        if(port==1)
  21   1        {
  22   2         TH1=TH;
  23   2         TL1=TL;
  24   2        }
  25   1      }
  26          
  27          //TMOD低四位设置T0，高四位设置T1，从高到低分别为Gate C/T M1 M0 Gate C/T M1 M0
  28          //Gate:0,将TR0或TR1置为1即可开启定时计数;1,TR0或TR1置1且外部中断引脚也为高电平开启定时计数
  29          //C/T:0,定时；1,计数
  30          //M1M0:00,13位定时器;01,16位定时器;10,8位自动重装定时器;11,T0分为2个8位定时计数器
  31          void TMODSet(unsigned char port)
  32          {
  33   1        if(port==0)
  34   1        {
  35   2          TMOD|=0x01;//16位定时器
  36   2        }
  37   1        if(port==1)
  38   1        {
  39   2          TMOD|=0x10;//16位定时器
  40   2        }
  41   1      }
  42          
  43          /****
  44          *function:定时器初始化
  45          *input: unsigned char port 定时器0或1;unsigned int ms 定时时间 毫秒为单位
  46          *output:none
  47          **/
  48          void TimerInit(unsigned char port,unsigned int ms)
  49          {
  50   1         TMODSet(port);
  51   1         THTLSet(port);
  52   1         if(port==0)
  53   1         {
  54   2          ET0=1;//打开定时器中断,外部中断为EX
C51 COMPILER V9.52.0.0   TIMER                                                             06/10/2019 22:46:28 PAGE 2   

  55   2          EA=1;//打开总中断
  56   2          TR0=1;//打开定时器
  57   2          timer0=ms;
  58   2         }
  59   1         if(port==1)
  60   1         {
  61   2          ET1=1;
  62   2          EA=1;
  63   2          TR1=1;
  64   2          timer1=ms;
  65   2         }
  66   1      }
  67          
  68          void Timer_0() interrupt 1
  69          {
  70   1        static unsigned int flag0;
  71   1          THTLSet(0);
  72   1        flag0++;//每毫秒++一次
  73   1        if(flag0==timer0)
  74   1        { 
  75   2         flag0=0;
  76   2         Timer_0_Process(); 
  77   2        }
  78   1      }
  79          
  80          void Timer_1() interrupt 3
  81          {
  82   1        static unsigned int flag1;
  83   1        THTLSet(1);
  84   1        flag1++;//每毫秒++一次
  85   1        if(flag1==timer1)
  86   1        {
  87   2         flag1=0;
  88   2         Timer_1_Process();
  89   2        } 
  90   1      }


MODULE INFORMATION:   STATIC OVERLAYABLE
   CODE SIZE        =    249    ----
   CONSTANT SIZE    =   ----    ----
   XDATA SIZE       =   ----    ----
   PDATA SIZE       =   ----    ----
   DATA SIZE        =      8    ----
   IDATA SIZE       =   ----    ----
   BIT SIZE         =   ----    ----
END OF MODULE INFORMATION.


C51 COMPILATION COMPLETE.  0 WARNING(S),  0 ERROR(S)
